<?xml version="1.0" encoding="UTF-8"?>
<!-- Generated by org.testng.reporters.JUnitReportReporter -->
<testsuite hostname="JAFRA" name="Amazon.FooterValidation" tests="2" failures="0" timestamp="6 Mar 2020 03:25:19 GMT" time="26.537" errors="0">
  <testcase name="TestBrazil" time="19.030" classname="Amazon.FooterValidation"/>
  <testcase name="TestAustralia" time="7.507" classname="Amazon.FooterValidation"/>
</testsuite> <!-- Amazon.FooterValidation -->
