<?xml version="1.0" encoding="UTF-8"?>
<!-- Generated by org.testng.reporters.JUnitReportReporter -->
<testsuite hostname="JAFRA" name="Amazon.SampleClass1" tests="4" failures="0" timestamp="6 Mar 2020 00:34:04 GMT" time="0.046" errors="0">
  <testcase name="SampleClass1tes3" time="0.004" classname="Amazon.SampleClass1"/>
  <testcase name="SampleClass1tes2" time="0.009" classname="Amazon.SampleClass1"/>
  <testcase name="SampleClass1tes4" time="0.009" classname="Amazon.SampleClass1"/>
  <testcase name="SampleClass1tes1" time="0.024" classname="Amazon.SampleClass1"/>
</testsuite> <!-- Amazon.SampleClass1 -->
