<?xml version="1.0" encoding="UTF-8"?>
<!-- Generated by org.testng.reporters.JUnitReportReporter -->
<testsuite hostname="JAFRA" name="Amazon.V" tests="3" failures="0" timestamp="6 Mar 2020 01:55:02 GMT" time="0.030" errors="0">
  <testcase name="SampleClass1tes3" time="0.006" classname="Amazon.V"/>
  <testcase name="SampleClass1tes2" time="0.004" classname="Amazon.V"/>
  <testcase name="SampleClass1tes1" time="0.020" classname="Amazon.V"/>
</testsuite> <!-- Amazon.V -->
