<?xml version="1.0" encoding="UTF-8"?>
<!-- Generated by org.testng.reporters.JUnitReportReporter -->
<testsuite hostname="JAFRA" name="Amazon.Anotaion2" tests="2" failures="0" timestamp="6 Mar 2020 03:02:29 GMT" time="0.027" errors="0">
  <testcase name="test1" time="0.026" classname="Amazon.Anotaion2"/>
  <testcase name="test2" time="0.001" classname="Amazon.Anotaion2"/>
</testsuite> <!-- Amazon.Anotaion2 -->
