<?xml version="1.0" encoding="UTF-8"?>
<!-- Generated by org.testng.reporters.JUnitReportReporter -->
<testsuite hostname="JAFRA" name="Amazon.Test1" tests="4" failures="0" timestamp="6 Mar 2020 00:28:53 GMT" time="0.017" errors="0">
  <testcase name="tes2" time="0.002" classname="Amazon.Test1"/>
  <testcase name="tes3" time="0.004" classname="Amazon.Test1"/>
  <testcase name="tes4" time="0.002" classname="Amazon.Test1"/>
  <testcase name="tes1" time="0.009" classname="Amazon.Test1"/>
</testsuite> <!-- Amazon.Test1 -->
