<?xml version="1.0" encoding="UTF-8"?>
<!-- Generated by org.testng.reporters.JUnitReportReporter -->
<testsuite hostname="JAFRA" name="Amazon.Test5" tests="1" failures="0" timestamp="6 Mar 2020 03:01:43 GMT" time="0.023" errors="0">
  <testcase name="test" time="0.023" classname="Amazon.Test5"/>
</testsuite> <!-- Amazon.Test5 -->
