<?xml version="1.0" encoding="UTF-8"?>
<!-- Generated by org.testng.reporters.JUnitReportReporter -->
<testsuite hostname="JAFRA" name="Amazon.SampleClass2" tests="4" failures="0" timestamp="6 Mar 2020 00:34:04 GMT" time="0.013" errors="0">
  <testcase name="SampleClass2tes4" time="0.002" classname="Amazon.SampleClass2"/>
  <testcase name="SampleClass2tes3" time="0.002" classname="Amazon.SampleClass2"/>
  <testcase name="SampleClass2tes2" time="0.006" classname="Amazon.SampleClass2"/>
  <testcase name="SampleClass2tes1" time="0.003" classname="Amazon.SampleClass2"/>
</testsuite> <!-- Amazon.SampleClass2 -->
