<?xml version="1.0" encoding="UTF-8"?>
<!-- Generated by org.testng.reporters.JUnitReportReporter -->
<testsuite hostname="JAFRA" name="Amazon.ClickOnLeftArrowRightArrow" tests="1" failures="0" timestamp="6 Mar 2020 15:17:20 GMT" time="20.891" errors="0">
  <testcase name="alllinksTest" time="20.891" classname="Amazon.ClickOnLeftArrowRightArrow"/>
</testsuite> <!-- Amazon.ClickOnLeftArrowRightArrow -->
